<?xml version="1.0" encoding="UTF-8"?>
<!-- Generated by org.testng.reporters.JUnitReportReporter -->
<testsuite skipped="0" hostname="LAPTOP-SMC8HIAI" name="testActitime1.LaunchBrowser" tests="1" failures="0" timestamp="2022-06-16T09:09:10 IST" time="19.566" errors="0">
  <testcase name="loginToACtiTime" time="19.566" classname="testActitime1.LaunchBrowser"/>
  <system-out/>
</testsuite> <!-- testActitime1.LaunchBrowser -->
